<?xml version="1.0" encoding="UTF-8"?>
<testsuites>
  <testsuite name="/home/lcfr/perpustakaan-kejati-jawa-barat/phpunit.xml" tests="69" assertions="223" errors="0" failures="0" skipped="0" time="3.151477">
    <testsuite name="Unit" tests="7" assertions="11" errors="0" failures="0" skipped="0" time="0.305004">
      <testsuite name="Tests\Unit\CsvTest" file="/home/lcfr/perpustakaan-kejati-jawa-barat/tests/Unit/CsvTest.php" tests="6" assertions="7" errors="0" failures="0" skipped="0" time="0.005148">
        <testsuite name="Tests\Unit\CsvTest::test_it_neutralizes_spreadsheet_formulas" tests="5" assertions="5" errors="0" failures="0" skipped="0" time="0.005040">
          <testcase name="test_it_neutralizes_spreadsheet_formulas with data set #0" file="/home/lcfr/perpustakaan-kejati-jawa-barat/tests/Unit/CsvTest.php" line="23" class="Tests\Unit\CsvTest" classname="Tests.Unit.CsvTest" assertions="1" time="0.004524"/>
          <testcase name="test_it_neutralizes_spreadsheet_formulas with data set #1" file="/home/lcfr/perpustakaan-kejati-jawa-barat/tests/Unit/CsvTest.php" line="23" class="Tests\Unit\CsvTest" classname="Tests.Unit.CsvTest" assertions="1" time="0.000175"/>
          <testcase name="test_it_neutralizes_spreadsheet_formulas with data set #2" file="/home/lcfr/perpustakaan-kejati-jawa-barat/tests/Unit/CsvTest.php" line="23" class="Tests\Unit\CsvTest" classname="Tests.Unit.CsvTest" assertions="1" time="0.000134"/>
          <testcase name="test_it_neutralizes_spreadsheet_formulas with data set #3" file="/home/lcfr/perpustakaan-kejati-jawa-barat/tests/Unit/CsvTest.php" line="23" class="Tests\Unit\CsvTest" classname="Tests.Unit.CsvTest" assertions="1" time="0.000107"/>
          <testcase name="test_it_neutralizes_spreadsheet_formulas with data set #4" file="/home/lcfr/perpustakaan-kejati-jawa-barat/tests/Unit/CsvTest.php" line="23" class="Tests\Unit\CsvTest" classname="Tests.Unit.CsvTest" assertions="1" time="0.000100"/>
        </testsuite>
        <testcase name="test_it_preserves_regular_values" file="/home/lcfr/perpustakaan-kejati-jawa-barat/tests/Unit/CsvTest.php" line="28" class="Tests\Unit\CsvTest" classname="Tests.Unit.CsvTest" assertions="2" time="0.000108"/>
      </testsuite>
      <testsuite name="Tests\Unit\XlsxReportWriterTest" file="/home/lcfr/perpustakaan-kejati-jawa-barat/tests/Unit/XlsxReportWriterTest.php" tests="1" assertions="4" errors="0" failures="0" skipped="0" time="0.299856">
        <testcase name="test_it_creates_a_readable_xlsx_archive_with_headers_and_rows" file="/home/lcfr/perpustakaan-kejati-jawa-barat/tests/Unit/XlsxReportWriterTest.php" line="11" class="Tests\Unit\XlsxReportWriterTest" classname="Tests.Unit.XlsxReportWriterTest" assertions="4" time="0.299856"/>
      </testsuite>
    </testsuite>
    <testsuite name="Feature" tests="62" assertions="212" errors="0" failures="0" skipped="0" time="2.846473">
      <testsuite name="Tests\Feature\Admin\BookManagerTest" file="/home/lcfr/perpustakaan-kejati-jawa-barat/tests/Feature/Admin/BookManagerTest.php" tests="8" assertions="36" errors="0" failures="0" skipped="0" time="0.517741">
        <testcase name="test_admin_can_access_books_page" file="/home/lcfr/perpustakaan-kejati-jawa-barat/tests/Feature/Admin/BookManagerTest.php" line="38" class="Tests\Feature\Admin\BookManagerTest" classname="Tests.Feature.Admin.BookManagerTest" assertions="3" time="0.234532"/>
        <testcase name="test_admin_can_open_create_modal" file="/home/lcfr/perpustakaan-kejati-jawa-barat/tests/Feature/Admin/BookManagerTest.php" line="47" class="Tests\Feature\Admin\BookManagerTest" classname="Tests.Feature.Admin.BookManagerTest" assertions="4" time="0.033930"/>
        <testcase name="test_admin_can_create_book_without_cover" file="/home/lcfr/perpustakaan-kejati-jawa-barat/tests/Feature/Admin/BookManagerTest.php" line="58" class="Tests\Feature\Admin\BookManagerTest" classname="Tests.Feature.Admin.BookManagerTest" assertions="3" time="0.069379"/>
        <testcase name="test_admin_can_create_book_with_cover_upload" file="/home/lcfr/perpustakaan-kejati-jawa-barat/tests/Feature/Admin/BookManagerTest.php" line="92" class="Tests\Feature\Admin\BookManagerTest" classname="Tests.Feature.Admin.BookManagerTest" assertions="4" time="0.067611"/>
        <testcase name="test_admin_can_edit_book_data" file="/home/lcfr/perpustakaan-kejati-jawa-barat/tests/Feature/Admin/BookManagerTest.php" line="119" class="Tests\Feature\Admin\BookManagerTest" classname="Tests.Feature.Admin.BookManagerTest" assertions="6" time="0.032976"/>
        <testcase name="test_validation_rules_for_creating_book" file="/home/lcfr/perpustakaan-kejati-jawa-barat/tests/Feature/Admin/BookManagerTest.php" line="148" class="Tests\Feature\Admin\BookManagerTest" classname="Tests.Feature.Admin.BookManagerTest" assertions="11" time="0.035694"/>
        <testcase name="test_admin_can_edit_imported_book_with_long_title" file="/home/lcfr/perpustakaan-kejati-jawa-barat/tests/Feature/Admin/BookManagerTest.php" line="162" class="Tests\Feature\Admin\BookManagerTest" classname="Tests.Feature.Admin.BookManagerTest" assertions="2" time="0.026626"/>
        <testcase name="test_book_with_completed_loan_history_and_cover_cannot_be_deleted" file="/home/lcfr/perpustakaan-kejati-jawa-barat/tests/Feature/Admin/BookManagerTest.php" line="182" class="Tests\Feature\Admin\BookManagerTest" classname="Tests.Feature.Admin.BookManagerTest" assertions="3" time="0.016993"/>
      </testsuite>
      <testsuite name="Tests\Feature\Admin\CategoryManagerTest" file="/home/lcfr/perpustakaan-kejati-jawa-barat/tests/Feature/Admin/CategoryManagerTest.php" tests="2" assertions="4" errors="0" failures="0" skipped="0" time="0.049698">
        <testcase name="test_admin_can_create_category_with_generated_slug" file="/home/lcfr/perpustakaan-kejati-jawa-barat/tests/Feature/Admin/CategoryManagerTest.php" line="17" class="Tests\Feature\Admin\CategoryManagerTest" classname="Tests.Feature.Admin.CategoryManagerTest" assertions="2" time="0.035128"/>
        <testcase name="test_used_category_cannot_be_deleted" file="/home/lcfr/perpustakaan-kejati-jawa-barat/tests/Feature/Admin/CategoryManagerTest.php" line="30" class="Tests\Feature\Admin\CategoryManagerTest" classname="Tests.Feature.Admin.CategoryManagerTest" assertions="2" time="0.014571"/>
      </testsuite>
      <testsuite name="Tests\Feature\Admin\LibraryOperationsPortTest" file="/home/lcfr/perpustakaan-kejati-jawa-barat/tests/Feature/Admin/LibraryOperationsPortTest.php" tests="5" assertions="18" errors="0" failures="0" skipped="0" time="0.143549">
        <testcase name="test_member_can_be_created_and_selected_for_a_loan" file="/home/lcfr/perpustakaan-kejati-jawa-barat/tests/Feature/Admin/LibraryOperationsPortTest.php" line="42" class="Tests\Feature\Admin\LibraryOperationsPortTest" classname="Tests.Feature.Admin.LibraryOperationsPortTest" assertions="5" time="0.066824"/>
        <testcase name="test_loan_can_only_be_extended_once_and_uses_today_for_overdue_loan" file="/home/lcfr/perpustakaan-kejati-jawa-barat/tests/Feature/Admin/LibraryOperationsPortTest.php" line="67" class="Tests\Feature\Admin\LibraryOperationsPortTest" classname="Tests.Feature.Admin.LibraryOperationsPortTest" assertions="3" time="0.013211"/>
        <testcase name="test_archive_scope_hides_books_and_audit_route_is_superadmin_only" file="/home/lcfr/perpustakaan-kejati-jawa-barat/tests/Feature/Admin/LibraryOperationsPortTest.php" line="85" class="Tests\Feature\Admin\LibraryOperationsPortTest" classname="Tests.Feature.Admin.LibraryOperationsPortTest" assertions="3" time="0.017790"/>
        <testcase name="test_inactive_admin_cannot_login_or_keep_using_admin_routes" file="/home/lcfr/perpustakaan-kejati-jawa-barat/tests/Feature/Admin/LibraryOperationsPortTest.php" line="95" class="Tests\Feature\Admin\LibraryOperationsPortTest" classname="Tests.Feature.Admin.LibraryOperationsPortTest" assertions="4" time="0.035334"/>
        <testcase name="test_audit_log_records_before_and_after_payloads" file="/home/lcfr/perpustakaan-kejati-jawa-barat/tests/Feature/Admin/LibraryOperationsPortTest.php" line="109" class="Tests\Feature\Admin\LibraryOperationsPortTest" classname="Tests.Feature.Admin.LibraryOperationsPortTest" assertions="3" time="0.010390"/>
      </testsuite>
      <testsuite name="Tests\Feature\Admin\LoanManagerTest" file="/home/lcfr/perpustakaan-kejati-jawa-barat/tests/Feature/Admin/LoanManagerTest.php" tests="8" assertions="32" errors="0" failures="0" skipped="0" time="0.209718">
        <testcase name="test_admin_can_access_loans_page" file="/home/lcfr/perpustakaan-kejati-jawa-barat/tests/Feature/Admin/LoanManagerTest.php" line="40" class="Tests\Feature\Admin\LoanManagerTest" classname="Tests.Feature.Admin.LoanManagerTest" assertions="1" time="0.017489"/>
        <testcase name="test_admin_can_open_create_loan_modal" file="/home/lcfr/perpustakaan-kejati-jawa-barat/tests/Feature/Admin/LoanManagerTest.php" line="46" class="Tests\Feature\Admin\LoanManagerTest" classname="Tests.Feature.Admin.LoanManagerTest" assertions="4" time="0.015759"/>
        <testcase name="test_admin_can_search_and_select_book" file="/home/lcfr/perpustakaan-kejati-jawa-barat/tests/Feature/Admin/LoanManagerTest.php" line="57" class="Tests\Feature\Admin\LoanManagerTest" classname="Tests.Feature.Admin.LoanManagerTest" assertions="6" time="0.024915"/>
        <testcase name="test_admin_can_record_loan_and_decrement_stock" file="/home/lcfr/perpustakaan-kejati-jawa-barat/tests/Feature/Admin/LoanManagerTest.php" line="73" class="Tests\Feature\Admin\LoanManagerTest" classname="Tests.Feature.Admin.LoanManagerTest" assertions="5" time="0.050139"/>
        <testcase name="test_admin_can_return_book_and_increment_stock" file="/home/lcfr/perpustakaan-kejati-jawa-barat/tests/Feature/Admin/LoanManagerTest.php" line="100" class="Tests\Feature\Admin\LoanManagerTest" classname="Tests.Feature.Admin.LoanManagerTest" assertions="3" time="0.021355"/>
        <testcase name="test_validation_rules_for_recording_loan" file="/home/lcfr/perpustakaan-kejati-jawa-barat/tests/Feature/Admin/LoanManagerTest.php" line="120" class="Tests\Feature\Admin\LoanManagerTest" classname="Tests.Feature.Admin.LoanManagerTest" assertions="5" time="0.024479"/>
        <testcase name="test_admin_can_correct_loan_without_changing_stock" file="/home/lcfr/perpustakaan-kejati-jawa-barat/tests/Feature/Admin/LoanManagerTest.php" line="131" class="Tests\Feature\Admin\LoanManagerTest" classname="Tests.Feature.Admin.LoanManagerTest" assertions="3" time="0.034713"/>
        <testcase name="test_admin_can_cancel_active_loan_and_restore_stock" file="/home/lcfr/perpustakaan-kejati-jawa-barat/tests/Feature/Admin/LoanManagerTest.php" line="154" class="Tests\Feature\Admin\LoanManagerTest" classname="Tests.Feature.Admin.LoanManagerTest" assertions="5" time="0.020870"/>
      </testsuite>
      <testsuite name="Tests\Feature\Admin\ReportExportTest" file="/home/lcfr/perpustakaan-kejati-jawa-barat/tests/Feature/Admin/ReportExportTest.php" tests="2" assertions="4" errors="0" failures="0" skipped="0" time="0.043943">
        <testcase name="test_visitor_xlsx_export_uses_active_filters" file="/home/lcfr/perpustakaan-kejati-jawa-barat/tests/Feature/Admin/ReportExportTest.php" line="16" class="Tests\Feature\Admin\ReportExportTest" classname="Tests.Feature.Admin.ReportExportTest" assertions="1" time="0.034547"/>
        <testcase name="test_print_report_command_creates_html_report" file="/home/lcfr/perpustakaan-kejati-jawa-barat/tests/Feature/Admin/ReportExportTest.php" line="44" class="Tests\Feature\Admin\ReportExportTest" classname="Tests.Feature.Admin.ReportExportTest" assertions="3" time="0.009396"/>
      </testsuite>
      <testsuite name="Tests\Feature\Admin\UserManagerTest" file="/home/lcfr/perpustakaan-kejati-jawa-barat/tests/Feature/Admin/UserManagerTest.php" tests="11" assertions="28" errors="0" failures="0" skipped="0" time="0.222430">
        <testcase name="test_superadmin_can_access_users_page" file="/home/lcfr/perpustakaan-kejati-jawa-barat/tests/Feature/Admin/UserManagerTest.php" line="28" class="Tests\Feature\Admin\UserManagerTest" classname="Tests.Feature.Admin.UserManagerTest" assertions="1" time="0.015878"/>
        <testcase name="test_regular_admin_cannot_access_users_page" file="/home/lcfr/perpustakaan-kejati-jawa-barat/tests/Feature/Admin/UserManagerTest.php" line="34" class="Tests\Feature\Admin\UserManagerTest" classname="Tests.Feature.Admin.UserManagerTest" assertions="1" time="0.011456"/>
        <testcase name="test_can_open_create_user_modal" file="/home/lcfr/perpustakaan-kejati-jawa-barat/tests/Feature/Admin/UserManagerTest.php" line="41" class="Tests\Feature\Admin\UserManagerTest" classname="Tests.Feature.Admin.UserManagerTest" assertions="3" time="0.016937"/>
        <testcase name="test_can_create_new_admin_user" file="/home/lcfr/perpustakaan-kejati-jawa-barat/tests/Feature/Admin/UserManagerTest.php" line="52" class="Tests\Feature\Admin\UserManagerTest" classname="Tests.Feature.Admin.UserManagerTest" assertions="3" time="0.030396"/>
        <testcase name="test_validation_rules_for_creating_user" file="/home/lcfr/perpustakaan-kejati-jawa-barat/tests/Feature/Admin/UserManagerTest.php" line="72" class="Tests\Feature\Admin\UserManagerTest" classname="Tests.Feature.Admin.UserManagerTest" assertions="7" time="0.026182"/>
        <testcase name="test_superadmin_can_edit_user_and_optionally_reset_password" file="/home/lcfr/perpustakaan-kejati-jawa-barat/tests/Feature/Admin/UserManagerTest.php" line="84" class="Tests\Feature\Admin\UserManagerTest" classname="Tests.Feature.Admin.UserManagerTest" assertions="5" time="0.033149"/>
        <testcase name="test_editing_user_without_password_keeps_existing_password" file="/home/lcfr/perpustakaan-kejati-jawa-barat/tests/Feature/Admin/UserManagerTest.php" line="109" class="Tests\Feature\Admin\UserManagerTest" classname="Tests.Feature.Admin.UserManagerTest" assertions="2" time="0.022941"/>
        <testcase name="test_can_search_users" file="/home/lcfr/perpustakaan-kejati-jawa-barat/tests/Feature/Admin/UserManagerTest.php" line="124" class="Tests\Feature\Admin\UserManagerTest" classname="Tests.Feature.Admin.UserManagerTest" assertions="2" time="0.014757"/>
        <testcase name="test_can_delete_other_user" file="/home/lcfr/perpustakaan-kejati-jawa-barat/tests/Feature/Admin/UserManagerTest.php" line="136" class="Tests\Feature\Admin\UserManagerTest" classname="Tests.Feature.Admin.UserManagerTest" assertions="1" time="0.019090"/>
        <testcase name="test_cannot_delete_self" file="/home/lcfr/perpustakaan-kejati-jawa-barat/tests/Feature/Admin/UserManagerTest.php" line="147" class="Tests\Feature\Admin\UserManagerTest" classname="Tests.Feature.Admin.UserManagerTest" assertions="1" time="0.015190"/>
        <testcase name="test_regular_admin_cannot_invoke_user_deletion_action" file="/home/lcfr/perpustakaan-kejati-jawa-barat/tests/Feature/Admin/UserManagerTest.php" line="156" class="Tests\Feature\Admin\UserManagerTest" classname="Tests.Feature.Admin.UserManagerTest" assertions="2" time="0.016454"/>
      </testsuite>
      <testsuite name="Tests\Feature\Auth\AuthenticationTest" file="/home/lcfr/perpustakaan-kejati-jawa-barat/tests/Feature/Auth/AuthenticationTest.php" tests="7" assertions="24" errors="0" failures="0" skipped="0" time="0.436035">
        <testcase name="test_login_screen_can_be_rendered" file="/home/lcfr/perpustakaan-kejati-jawa-barat/tests/Feature/Auth/AuthenticationTest.php" line="14" class="Tests\Feature\Auth\AuthenticationTest" classname="Tests.Feature.Auth.AuthenticationTest" assertions="2" time="0.139361"/>
        <testcase name="test_admin_users_can_authenticate_using_the_login_screen" file="/home/lcfr/perpustakaan-kejati-jawa-barat/tests/Feature/Auth/AuthenticationTest.php" line="23" class="Tests\Feature\Auth\AuthenticationTest" classname="Tests.Feature.Auth.AuthenticationTest" assertions="6" time="0.019699"/>
        <testcase name="test_superadmins_can_authenticate_using_the_login_screen" file="/home/lcfr/perpustakaan-kejati-jawa-barat/tests/Feature/Auth/AuthenticationTest.php" line="40" class="Tests\Feature\Auth\AuthenticationTest" classname="Tests.Feature.Auth.AuthenticationTest" assertions="6" time="0.018509"/>
        <testcase name="test_users_can_not_authenticate_with_invalid_password" file="/home/lcfr/perpustakaan-kejati-jawa-barat/tests/Feature/Auth/AuthenticationTest.php" line="57" class="Tests\Feature\Auth\AuthenticationTest" classname="Tests.Feature.Auth.AuthenticationTest" assertions="3" time="0.219199"/>
        <testcase name="test_admin_dashboard_can_be_rendered" file="/home/lcfr/perpustakaan-kejati-jawa-barat/tests/Feature/Auth/AuthenticationTest.php" line="74" class="Tests\Feature\Auth\AuthenticationTest" classname="Tests.Feature.Auth.AuthenticationTest" assertions="1" time="0.016702"/>
        <testcase name="test_guests_are_redirected_from_admin_dashboard" file="/home/lcfr/perpustakaan-kejati-jawa-barat/tests/Feature/Auth/AuthenticationTest.php" line="83" class="Tests\Feature\Auth\AuthenticationTest" classname="Tests.Feature.Auth.AuthenticationTest" assertions="2" time="0.008751"/>
        <testcase name="test_users_can_logout" file="/home/lcfr/perpustakaan-kejati-jawa-barat/tests/Feature/Auth/AuthenticationTest.php" line="89" class="Tests\Feature\Auth\AuthenticationTest" classname="Tests.Feature.Auth.AuthenticationTest" assertions="4" time="0.013814"/>
      </testsuite>
      <testsuite name="Tests\Feature\Auth\PasswordConfirmationTest" file="/home/lcfr/perpustakaan-kejati-jawa-barat/tests/Feature/Auth/PasswordConfirmationTest.php" tests="3" assertions="9" errors="0" failures="0" skipped="0" time="0.252953">
        <testcase name="test_confirm_password_screen_can_be_rendered" file="/home/lcfr/perpustakaan-kejati-jawa-barat/tests/Feature/Auth/PasswordConfirmationTest.php" line="14" class="Tests\Feature\Auth\PasswordConfirmationTest" classname="Tests.Feature.Auth.PasswordConfirmationTest" assertions="2" time="0.019786"/>
        <testcase name="test_password_can_be_confirmed" file="/home/lcfr/perpustakaan-kejati-jawa-barat/tests/Feature/Auth/PasswordConfirmationTest.php" line="25" class="Tests\Feature\Auth\PasswordConfirmationTest" classname="Tests.Feature.Auth.PasswordConfirmationTest" assertions="3" time="0.016146"/>
        <testcase name="test_password_is_not_confirmed_with_invalid_password" file="/home/lcfr/perpustakaan-kejati-jawa-barat/tests/Feature/Auth/PasswordConfirmationTest.php" line="41" class="Tests\Feature\Auth\PasswordConfirmationTest" classname="Tests.Feature.Auth.PasswordConfirmationTest" assertions="4" time="0.217021"/>
      </testsuite>
      <testsuite name="Tests\Feature\Auth\PasswordResetTest" file="/home/lcfr/perpustakaan-kejati-jawa-barat/tests/Feature/Auth/PasswordResetTest.php" tests="4" assertions="10" errors="0" failures="0" skipped="0" time="0.692824">
        <testcase name="test_reset_password_link_screen_can_be_rendered" file="/home/lcfr/perpustakaan-kejati-jawa-barat/tests/Feature/Auth/PasswordResetTest.php" line="16" class="Tests\Feature\Auth\PasswordResetTest" classname="Tests.Feature.Auth.PasswordResetTest" assertions="2" time="0.014467"/>
        <testcase name="test_reset_password_link_can_be_requested" file="/home/lcfr/perpustakaan-kejati-jawa-barat/tests/Feature/Auth/PasswordResetTest.php" line="25" class="Tests\Feature\Auth\PasswordResetTest" classname="Tests.Feature.Auth.PasswordResetTest" assertions="1" time="0.219450"/>
        <testcase name="test_reset_password_screen_can_be_rendered" file="/home/lcfr/perpustakaan-kejati-jawa-barat/tests/Feature/Auth/PasswordResetTest.php" line="38" class="Tests\Feature\Auth\PasswordResetTest" classname="Tests.Feature.Auth.PasswordResetTest" assertions="3" time="0.225185"/>
        <testcase name="test_password_can_be_reset_with_valid_token" file="/home/lcfr/perpustakaan-kejati-jawa-barat/tests/Feature/Auth/PasswordResetTest.php" line="59" class="Tests\Feature\Auth\PasswordResetTest" classname="Tests.Feature.Auth.PasswordResetTest" assertions="4" time="0.233723"/>
      </testsuite>
      <testsuite name="Tests\Feature\Auth\PasswordUpdateTest" file="/home/lcfr/perpustakaan-kejati-jawa-barat/tests/Feature/Auth/PasswordUpdateTest.php" tests="2" assertions="7" errors="0" failures="0" skipped="0" time="0.062312">
        <testcase name="test_password_can_be_updated" file="/home/lcfr/perpustakaan-kejati-jawa-barat/tests/Feature/Auth/PasswordUpdateTest.php" line="15" class="Tests\Feature\Auth\PasswordUpdateTest" classname="Tests.Feature.Auth.PasswordUpdateTest" assertions="3" time="0.036520"/>
        <testcase name="test_correct_password_must_be_provided_to_update_password" file="/home/lcfr/perpustakaan-kejati-jawa-barat/tests/Feature/Auth/PasswordUpdateTest.php" line="34" class="Tests\Feature\Auth\PasswordUpdateTest" classname="Tests.Feature.Auth.PasswordUpdateTest" assertions="4" time="0.025792"/>
      </testsuite>
      <testsuite name="Tests\Feature\Auth\RegistrationTest" file="/home/lcfr/perpustakaan-kejati-jawa-barat/tests/Feature/Auth/RegistrationTest.php" tests="1" assertions="1" errors="0" failures="0" skipped="0" time="0.010082">
        <testcase name="test_public_registration_is_unavailable" file="/home/lcfr/perpustakaan-kejati-jawa-barat/tests/Feature/Auth/RegistrationTest.php" line="12" class="Tests\Feature\Auth\RegistrationTest" classname="Tests.Feature.Auth.RegistrationTest" assertions="1" time="0.010082"/>
      </testsuite>
      <testsuite name="Tests\Feature\Guest\CatalogBrowserTest" file="/home/lcfr/perpustakaan-kejati-jawa-barat/tests/Feature/Guest/CatalogBrowserTest.php" tests="1" assertions="4" errors="0" failures="0" skipped="0" time="0.027761">
        <testcase name="test_catalog_search_and_availability_filters_work" file="/home/lcfr/perpustakaan-kejati-jawa-barat/tests/Feature/Guest/CatalogBrowserTest.php" line="16" class="Tests\Feature\Guest\CatalogBrowserTest" classname="Tests.Feature.Guest.CatalogBrowserTest" assertions="4" time="0.027761"/>
      </testsuite>
      <testsuite name="Tests\Feature\Guest\VisitorFlowTest" file="/home/lcfr/perpustakaan-kejati-jawa-barat/tests/Feature/Guest/VisitorFlowTest.php" tests="4" assertions="17" errors="0" failures="0" skipped="0" time="0.090922">
        <testcase name="test_visitor_must_accept_privacy_notice" file="/home/lcfr/perpustakaan-kejati-jawa-barat/tests/Feature/Guest/VisitorFlowTest.php" line="22" class="Tests\Feature\Guest\VisitorFlowTest" classname="Tests.Feature.Guest.VisitorFlowTest" assertions="4" time="0.025022"/>
        <testcase name="test_visitor_can_check_in_and_open_catalog" file="/home/lcfr/perpustakaan-kejati-jawa-barat/tests/Feature/Guest/VisitorFlowTest.php" line="34" class="Tests\Feature\Guest\VisitorFlowTest" classname="Tests.Feature.Guest.VisitorFlowTest" assertions="5" time="0.025567"/>
        <testcase name="test_catalog_requires_a_same_day_check_in" file="/home/lcfr/perpustakaan-kejati-jawa-barat/tests/Feature/Guest/VisitorFlowTest.php" line="49" class="Tests\Feature\Guest\VisitorFlowTest" classname="Tests.Feature.Guest.VisitorFlowTest" assertions="5" time="0.014546"/>
        <testcase name="test_visitor_form_is_rate_limited" file="/home/lcfr/perpustakaan-kejati-jawa-barat/tests/Feature/Guest/VisitorFlowTest.php" line="58" class="Tests\Feature\Guest\VisitorFlowTest" classname="Tests.Feature.Guest.VisitorFlowTest" assertions="3" time="0.025786"/>
      </testsuite>
      <testsuite name="Tests\Feature\ProfileTest" file="/home/lcfr/perpustakaan-kejati-jawa-barat/tests/Feature/ProfileTest.php" tests="4" assertions="18" errors="0" failures="0" skipped="0" time="0.086503">
        <testcase name="test_profile_page_is_displayed" file="/home/lcfr/perpustakaan-kejati-jawa-barat/tests/Feature/ProfileTest.php" line="14" class="Tests\Feature\ProfileTest" classname="Tests.Feature.ProfileTest" assertions="4" time="0.026366"/>
        <testcase name="test_profile_information_can_be_updated" file="/home/lcfr/perpustakaan-kejati-jawa-barat/tests/Feature/ProfileTest.php" line="27" class="Tests\Feature\ProfileTest" classname="Tests.Feature.ProfileTest" assertions="4" time="0.023476"/>
        <testcase name="test_user_can_delete_their_account" file="/home/lcfr/perpustakaan-kejati-jawa-barat/tests/Feature/ProfileTest.php" line="48" class="Tests\Feature\ProfileTest" classname="Tests.Feature.ProfileTest" assertions="5" time="0.018249"/>
        <testcase name="test_correct_password_must_be_provided_to_delete_account" file="/home/lcfr/perpustakaan-kejati-jawa-barat/tests/Feature/ProfileTest.php" line="66" class="Tests\Feature\ProfileTest" classname="Tests.Feature.ProfileTest" assertions="5" time="0.018411"/>
      </testsuite>
    </testsuite>
  </testsuite>
</testsuites>
